Copyright 1986-2019 Xilinx, Inc. All Rights Reserved.
------------------------------------------------------------------------------------
| Tool Version : Vivado v.2019.1 (win64) Build 2552052 Fri May 24 14:49:42 MDT 2019
| Date         : Thu Dec 14 23:29:02 2023
| Host         : RonaldRoyPC running 64-bit major release  (build 9200)
| Command      : report_timing_summary -file ./report/DWT_Accel_timing_synth.rpt
| Design       : bd_0_wrapper
| Device       : 7z020-clg400
| Speed File   : -1  PRODUCTION 1.11 2014-09-11
------------------------------------------------------------------------------------

Timing Summary Report

------------------------------------------------------------------------------------------------
| Timer Settings
| --------------
------------------------------------------------------------------------------------------------

  Enable Multi Corner Analysis               :  Yes
  Enable Pessimism Removal                   :  Yes
  Pessimism Removal Resolution               :  Nearest Common Node
  Enable Input Delay Default Clock           :  No
  Enable Preset / Clear Arcs                 :  No
  Disable Flight Delays                      :  No
  Ignore I/O Paths                           :  No
  Timing Early Launch at Borrowing Latches   :  No
  Borrow Time for Max Delay Exceptions       :  Yes

  Corner  Analyze    Analyze    
  Name    Max Paths  Min Paths  
  ------  ---------  ---------  
  Slow    Yes        Yes        
  Fast    Yes        Yes        



check_timing report

Table of Contents
-----------------
1. checking no_clock
2. checking constant_clock
3. checking pulse_width_clock
4. checking unconstrained_internal_endpoints
5. checking no_input_delay
6. checking no_output_delay
7. checking multiple_clock
8. checking generated_clocks
9. checking loops
10. checking partial_input_delay
11. checking partial_output_delay
12. checking latch_loops

1. checking no_clock
--------------------
 There are 0 register/latch pins with no clock.


2. checking constant_clock
--------------------------
 There are 0 register/latch pins with constant_clock.


3. checking pulse_width_clock
-----------------------------
 There are 0 register/latch pins which need pulse_width check


4. checking unconstrained_internal_endpoints
--------------------------------------------
 There are 0 pins that are not constrained for maximum delay.

 There are 0 pins that are not constrained for maximum delay due to constant clock.


5. checking no_input_delay
--------------------------
 There are 132 input ports with no input delay specified. (HIGH)

 There are 0 input ports with no input delay but user has a false path constraint.


6. checking no_output_delay
---------------------------
 There are 185 ports with no output delay specified. (HIGH)

 There are 0 ports with no output delay but user has a false path constraint

 There are 0 ports with no output delay but with a timing clock defined on it or propagating through it


7. checking multiple_clock
--------------------------
 There are 0 register/latch pins with multiple clocks.


8. checking generated_clocks
----------------------------
 There are 0 generated clocks that are not connected to a clock source.


9. checking loops
-----------------
 There are 0 combinational loops in the design.


10. checking partial_input_delay
--------------------------------
 There are 0 input ports with partial input delay specified.


11. checking partial_output_delay
---------------------------------
 There are 0 ports with partial output delay specified.


12. checking latch_loops
------------------------
 There are 0 combinational latch loops in the design through latch input



------------------------------------------------------------------------------------------------
| Design Timing Summary
| ---------------------
------------------------------------------------------------------------------------------------

    WNS(ns)      TNS(ns)  TNS Failing Endpoints  TNS Total Endpoints      WHS(ns)      THS(ns)  THS Failing Endpoints  THS Total Endpoints     WPWS(ns)     TPWS(ns)  TPWS Failing Endpoints  TPWS Total Endpoints  
    -------      -------  ---------------------  -------------------      -------      -------  ---------------------  -------------------     --------     --------  ----------------------  --------------------  
      1.078        0.000                      0                31338        0.219        0.000                      0                31338        4.020        0.000                       0                 16096  


All user specified timing constraints are met.


------------------------------------------------------------------------------------------------
| Clock Summary
| -------------
------------------------------------------------------------------------------------------------

Clock   Waveform(ns)       Period(ns)      Frequency(MHz)
-----   ------------       ----------      --------------
ap_clk  {0.000 5.000}      10.000          100.000         


------------------------------------------------------------------------------------------------
| Intra Clock Table
| -----------------
------------------------------------------------------------------------------------------------

Clock             WNS(ns)      TNS(ns)  TNS Failing Endpoints  TNS Total Endpoints      WHS(ns)      THS(ns)  THS Failing Endpoints  THS Total Endpoints     WPWS(ns)     TPWS(ns)  TPWS Failing Endpoints  TPWS Total Endpoints  
-----             -------      -------  ---------------------  -------------------      -------      -------  ---------------------  -------------------     --------     --------  ----------------------  --------------------  
ap_clk              1.078        0.000                      0                31338        0.219        0.000                      0                31338        4.020        0.000                       0                 16096  


------------------------------------------------------------------------------------------------
| Inter Clock Table
| -----------------
------------------------------------------------------------------------------------------------

From Clock    To Clock          WNS(ns)      TNS(ns)  TNS Failing Endpoints  TNS Total Endpoints      WHS(ns)      THS(ns)  THS Failing Endpoints  THS Total Endpoints  
----------    --------          -------      -------  ---------------------  -------------------      -------      -------  ---------------------  -------------------  


------------------------------------------------------------------------------------------------
| Other Path Groups Table
| -----------------------
------------------------------------------------------------------------------------------------

Path Group    From Clock    To Clock          WNS(ns)      TNS(ns)  TNS Failing Endpoints  TNS Total Endpoints      WHS(ns)      THS(ns)  THS Failing Endpoints  THS Total Endpoints  
----------    ----------    --------          -------      -------  ---------------------  -------------------      -------      -------  ---------------------  -------------------  


------------------------------------------------------------------------------------------------
| Timing Details
| --------------
------------------------------------------------------------------------------------------------


---------------------------------------------------------------------------------------------------
From Clock:  ap_clk
  To Clock:  ap_clk

Setup :            0  Failing Endpoints,  Worst Slack        1.078ns,  Total Violation        0.000ns
Hold  :            0  Failing Endpoints,  Worst Slack        0.219ns,  Total Violation        0.000ns
PW    :            0  Failing Endpoints,  Worst Slack        4.020ns,  Total Violation        0.000ns
---------------------------------------------------------------------------------------------------


Max Delay Paths
--------------------------------------------------------------------------------------
Slack (MET) :             1.078ns  (required time - arrival time)
  Source:                 bd_0_i/hls_inst/inst/grp_DWT_IR_fu_216/DWT_Accel_dadddsueOg_U53/DWT_Accel_ap_dadddsub_3_full_dsp_64_u/U0/i_synth/ADDSUB_OP.ADDSUB/LOGIC_SPEED.OP/EXP/NUMB_CMP/FAST_CMP.CMP_BOT/C_CHAIN/CHAIN_GEN[15].CARRYS_DEL.NEED_DEL.CARRYS_FD/C
                            (rising edge-triggered cell FDRE clocked by ap_clk  {rise@0.000ns fall@5.000ns period=10.000ns})
  Destination:            bd_0_i/hls_inst/inst/grp_DWT_IR_fu_216/DWT_Accel_dadddsueOg_U53/DWT_Accel_ap_dadddsub_3_full_dsp_64_u/U0/i_synth/ADDSUB_OP.ADDSUB/LOGIC_SPEED.OP/ALIGN_BLK/FRAC_ADDSUB/DSP_ADD.FRAC_ADDSUB/DSP48E1_ADD.DSP48E1_ADD/DSP/CARRYIN
                            (rising edge-triggered cell DSP48E1 clocked by ap_clk  {rise@0.000ns fall@5.000ns period=10.000ns})
  Path Group:             ap_clk
  Path Type:              Setup (Max at Slow Process Corner)
  Requirement:            10.000ns  (ap_clk rise@10.000ns - ap_clk rise@0.000ns)
  Data Path Delay:        7.540ns  (logic 2.962ns (39.285%)  route 4.578ns (60.715%))
  Logic Levels:           11  (CARRY4=3 LUT2=1 LUT3=1 LUT4=2 LUT6=2 MUXF7=1 MUXF8=1)
  Clock Path Skew:        -0.049ns (DCD - SCD + CPR)
    Destination Clock Delay (DCD):    0.924ns = ( 10.924 - 10.000 ) 
    Source Clock Delay      (SCD):    0.973ns
    Clock Pessimism Removal (CPR):    0.000ns
  Clock Uncertainty:      0.035ns  ((TSJ^2 + TIJ^2)^1/2 + DJ) / 2 + PE
    Total System Jitter     (TSJ):    0.071ns
    Total Input Jitter      (TIJ):    0.000ns
    Discrete Jitter          (DJ):    0.000ns
    Phase Error              (PE):    0.000ns

    Location             Delay type                Incr(ns)  Path(ns)    Netlist Resource(s)
  -------------------------------------------------------------------    -------------------
                         (clock ap_clk rise edge)     0.000     0.000 r  
                                                      0.000     0.000 r  ap_clk (IN)
                         net (fo=16145, unset)        0.973     0.973    bd_0_i/hls_inst/inst/grp_DWT_IR_fu_216/DWT_Accel_dadddsueOg_U53/DWT_Accel_ap_dadddsub_3_full_dsp_64_u/U0/i_synth/ADDSUB_OP.ADDSUB/LOGIC_SPEED.OP/EXP/NUMB_CMP/FAST_CMP.CMP_BOT/C_CHAIN/aclk
                         FDRE                                         r  bd_0_i/hls_inst/inst/grp_DWT_IR_fu_216/DWT_Accel_dadddsueOg_U53/DWT_Accel_ap_dadddsub_3_full_dsp_64_u/U0/i_synth/ADDSUB_OP.ADDSUB/LOGIC_SPEED.OP/EXP/NUMB_CMP/FAST_CMP.CMP_BOT/C_CHAIN/CHAIN_GEN[15].CARRYS_DEL.NEED_DEL.CARRYS_FD/C
  -------------------------------------------------------------------    -------------------
                         FDRE (Prop_fdre_C_Q)         0.518     1.491 r  bd_0_i/hls_inst/inst/grp_DWT_IR_fu_216/DWT_Accel_dadddsueOg_U53/DWT_Accel_ap_dadddsub_3_full_dsp_64_u/U0/i_synth/ADDSUB_OP.ADDSUB/LOGIC_SPEED.OP/EXP/NUMB_CMP/FAST_CMP.CMP_BOT/C_CHAIN/CHAIN_GEN[15].CARRYS_DEL.NEED_DEL.CARRYS_FD/Q
                         net (fo=5, unplaced)         0.769     2.260    bd_0_i/hls_inst/inst/grp_DWT_IR_fu_216/DWT_Accel_dadddsueOg_U53/DWT_Accel_ap_dadddsub_3_full_dsp_64_u/U0/i_synth/ADDSUB_OP.ADDSUB/LOGIC_SPEED.OP/EXP/NUMB_CMP/FAST_CMP.CMP_BOT/C_CHAIN/CARRY_OUT
                         LUT3 (Prop_lut3_I0_O)        0.295     2.555 r  bd_0_i/hls_inst/inst/grp_DWT_IR_fu_216/DWT_Accel_dadddsueOg_U53/DWT_Accel_ap_dadddsub_3_full_dsp_64_u/U0/i_synth/ADDSUB_OP.ADDSUB/LOGIC_SPEED.OP/EXP/NUMB_CMP/FAST_CMP.CMP_BOT/C_CHAIN/CHAIN_GEN[0].C_MUX.CARRY_MUX_i_2__0/O
                         net (fo=107, unplaced)       0.550     3.105    bd_0_i/hls_inst/inst/grp_DWT_IR_fu_216/DWT_Accel_dadddsueOg_U53/DWT_Accel_ap_dadddsub_3_full_dsp_64_u/U0/i_synth/ADDSUB_OP.ADDSUB/LOGIC_SPEED.OP/A_IP_DELAY/i_pipe/b_largest
                         LUT6 (Prop_lut6_I4_O)        0.124     3.229 f  bd_0_i/hls_inst/inst/grp_DWT_IR_fu_216/DWT_Accel_dadddsueOg_U53/DWT_Accel_ap_dadddsub_3_full_dsp_64_u/U0/i_synth/ADDSUB_OP.ADDSUB/LOGIC_SPEED.OP/A_IP_DELAY/i_pipe/CHAIN_GEN[1].C_MUX.CARRY_MUX_i_3/O
                         net (fo=2, unplaced)         0.913     4.142    bd_0_i/hls_inst/inst/grp_DWT_IR_fu_216/DWT_Accel_dadddsueOg_U53/DWT_Accel_ap_dadddsub_3_full_dsp_64_u/U0/i_synth/ADDSUB_OP.ADDSUB/LOGIC_SPEED.OP/A_IP_DELAY/i_pipe/ALIGN_BLK/sml_shift_mux__105[6]
                         LUT4 (Prop_lut4_I1_O)        0.124     4.266 r  bd_0_i/hls_inst/inst/grp_DWT_IR_fu_216/DWT_Accel_dadddsueOg_U53/DWT_Accel_ap_dadddsub_3_full_dsp_64_u/U0/i_synth/ADDSUB_OP.ADDSUB/LOGIC_SPEED.OP/A_IP_DELAY/i_pipe/CHAIN_GEN[1].C_MUX.CARRY_MUX_i_1__0/O
                         net (fo=1, unplaced)         0.000     4.266    bd_0_i/hls_inst/inst/grp_DWT_IR_fu_216/DWT_Accel_dadddsueOg_U53/DWT_Accel_ap_dadddsub_3_full_dsp_64_u/U0/i_synth/ADDSUB_OP.ADDSUB/LOGIC_SPEED.OP/ALIGN_BLK/ALIGN_SHIFT/ALIGN_Z_D/EQ_ZERO/CARRY_ZERO_DET/A[1]
                         CARRY4 (Prop_carry4_S[1]_CO[3])
                                                      0.533     4.799 r  bd_0_i/hls_inst/inst/grp_DWT_IR_fu_216/DWT_Accel_dadddsueOg_U53/DWT_Accel_ap_dadddsub_3_full_dsp_64_u/U0/i_synth/ADDSUB_OP.ADDSUB/LOGIC_SPEED.OP/ALIGN_BLK/ALIGN_SHIFT/ALIGN_Z_D/EQ_ZERO/CARRY_ZERO_DET/CHAIN_GEN[0].C_MUX.CARRY_MUX_CARRY4/CO[3]
                         net (fo=2, unplaced)         0.009     4.808    bd_0_i/hls_inst/inst/grp_DWT_IR_fu_216/DWT_Accel_dadddsueOg_U53/DWT_Accel_ap_dadddsub_3_full_dsp_64_u/U0/i_synth/ADDSUB_OP.ADDSUB/LOGIC_SPEED.OP/ALIGN_BLK/ALIGN_SHIFT/ALIGN_Z_D/EQ_ZERO/CARRY_ZERO_DET/CHAIN_GEN[12].C_MUX.CARRY_MUX_0[3]
                         CARRY4 (Prop_carry4_CI_CO[3])
                                                      0.117     4.925 r  bd_0_i/hls_inst/inst/grp_DWT_IR_fu_216/DWT_Accel_dadddsueOg_U53/DWT_Accel_ap_dadddsub_3_full_dsp_64_u/U0/i_synth/ADDSUB_OP.ADDSUB/LOGIC_SPEED.OP/ALIGN_BLK/ALIGN_SHIFT/ALIGN_Z_D/EQ_ZERO/CARRY_ZERO_DET/CHAIN_GEN[4].C_MUX.CARRY_MUX_CARRY4/CO[3]
                         net (fo=2, unplaced)         0.000     4.925    bd_0_i/hls_inst/inst/grp_DWT_IR_fu_216/DWT_Accel_dadddsueOg_U53/DWT_Accel_ap_dadddsub_3_full_dsp_64_u/U0/i_synth/ADDSUB_OP.ADDSUB/LOGIC_SPEED.OP/ALIGN_BLK/ALIGN_SHIFT/ALIGN_Z_D/EQ_ZERO/CARRY_ZERO_DET/CHAIN_GEN[12].C_MUX.CARRY_MUX_0[7]
                         CARRY4 (Prop_carry4_CI_CO[1])
                                                      0.179     5.104 f  bd_0_i/hls_inst/inst/grp_DWT_IR_fu_216/DWT_Accel_dadddsueOg_U53/DWT_Accel_ap_dadddsub_3_full_dsp_64_u/U0/i_synth/ADDSUB_OP.ADDSUB/LOGIC_SPEED.OP/ALIGN_BLK/ALIGN_SHIFT/ALIGN_Z_D/EQ_ZERO/CARRY_ZERO_DET/CHAIN_GEN[8].C_MUX.CARRY_MUX_CARRY4/CO[1]
                         net (fo=1, unplaced)         0.312     5.416    bd_0_i/hls_inst/inst/grp_DWT_IR_fu_216/DWT_Accel_dadddsueOg_U53/DWT_Accel_ap_dadddsub_3_full_dsp_64_u/U0/i_synth/ADDSUB_OP.ADDSUB/LOGIC_SPEED.OP/EXP/BMA_EXP_DELAY/i_pipe/MUX_LOOP[2].OTHER_LEVELS.DO_CHUNKS[0].LUT6_STRUCT_MUX.MUX1[9]
                         LUT6 (Prop_lut6_I0_O)        0.332     5.748 f  bd_0_i/hls_inst/inst/grp_DWT_IR_fu_216/DWT_Accel_dadddsueOg_U53/DWT_Accel_ap_dadddsub_3_full_dsp_64_u/U0/i_synth/ADDSUB_OP.ADDSUB/LOGIC_SPEED.OP/EXP/BMA_EXP_DELAY/i_pipe/MUX_LOOP[2].OTHER_LEVELS.DO_CHUNKS[0].LUT6_STRUCT_MUX.MUX1_i_3/O
                         net (fo=1, unplaced)         0.902     6.650    bd_0_i/hls_inst/inst/grp_DWT_IR_fu_216/DWT_Accel_dadddsueOg_U53/DWT_Accel_ap_dadddsub_3_full_dsp_64_u/U0/i_synth/ADDSUB_OP.ADDSUB/LOGIC_SPEED.OP/EXP/BMA_EXP_DELAY/i_pipe/MUX_LOOP[2].OTHER_LEVELS.DO_CHUNKS[0].LUT6_STRUCT_MUX.MUX1_i_3_n_2
                         LUT4 (Prop_lut4_I0_O)        0.124     6.774 f  bd_0_i/hls_inst/inst/grp_DWT_IR_fu_216/DWT_Accel_dadddsueOg_U53/DWT_Accel_ap_dadddsub_3_full_dsp_64_u/U0/i_synth/ADDSUB_OP.ADDSUB/LOGIC_SPEED.OP/EXP/BMA_EXP_DELAY/i_pipe/MUX_LOOP[2].OTHER_LEVELS.DO_CHUNKS[0].LUT6_STRUCT_MUX.MUX1_i_1/O
                         net (fo=1, unplaced)         0.000     6.774    bd_0_i/hls_inst/inst/grp_DWT_IR_fu_216/DWT_Accel_dadddsueOg_U53/DWT_Accel_ap_dadddsub_3_full_dsp_64_u/U0/i_synth/ADDSUB_OP.ADDSUB/LOGIC_SPEED.OP/ALIGN_BLK/ALIGN_SHIFT/ALIGN_Z_D/zero_det_unreg[1]_3[2]
                         MUXF7 (Prop_muxf7_I0_O)      0.209     6.983 f  bd_0_i/hls_inst/inst/grp_DWT_IR_fu_216/DWT_Accel_dadddsueOg_U53/DWT_Accel_ap_dadddsub_3_full_dsp_64_u/U0/i_synth/ADDSUB_OP.ADDSUB/LOGIC_SPEED.OP/ALIGN_BLK/ALIGN_SHIFT/ALIGN_Z_D/MUX_LOOP[2].OTHER_LEVELS.DO_CHUNKS[0].LUT6_STRUCT_MUX.MUX1/O
                         net (fo=1, unplaced)         0.000     6.983    bd_0_i/hls_inst/inst/grp_DWT_IR_fu_216/DWT_Accel_dadddsueOg_U53/DWT_Accel_ap_dadddsub_3_full_dsp_64_u/U0/i_synth/ADDSUB_OP.ADDSUB/LOGIC_SPEED.OP/ALIGN_BLK/ALIGN_SHIFT/ALIGN_Z_D/mux0_1
                         MUXF8 (Prop_muxf8_I1_O)      0.088     7.071 f  bd_0_i/hls_inst/inst/grp_DWT_IR_fu_216/DWT_Accel_dadddsueOg_U53/DWT_Accel_ap_dadddsub_3_full_dsp_64_u/U0/i_synth/ADDSUB_OP.ADDSUB/LOGIC_SPEED.OP/ALIGN_BLK/ALIGN_SHIFT/ALIGN_Z_D/MUX_LOOP[2].OTHER_LEVELS.DO_CHUNKS[0].LUT6_STRUCT_MUX.MUX2/O
                         net (fo=2, unplaced)         0.323     7.394    bd_0_i/hls_inst/inst/grp_DWT_IR_fu_216/DWT_Accel_dadddsueOg_U53/DWT_Accel_ap_dadddsub_3_full_dsp_64_u/U0/i_synth/ADDSUB_OP.ADDSUB/LOGIC_SPEED.OP/EXP/SUB_DELAY/i_pipe/zeros_add
                         LUT2 (Prop_lut2_I1_O)        0.319     7.713 r  bd_0_i/hls_inst/inst/grp_DWT_IR_fu_216/DWT_Accel_dadddsueOg_U53/DWT_Accel_ap_dadddsub_3_full_dsp_64_u/U0/i_synth/ADDSUB_OP.ADDSUB/LOGIC_SPEED.OP/EXP/SUB_DELAY/i_pipe/DSP_i_1/O
                         net (fo=1, unplaced)         0.800     8.513    bd_0_i/hls_inst/inst/grp_DWT_IR_fu_216/DWT_Accel_dadddsueOg_U53/DWT_Accel_ap_dadddsub_3_full_dsp_64_u/U0/i_synth/ADDSUB_OP.ADDSUB/LOGIC_SPEED.OP/ALIGN_BLK/FRAC_ADDSUB/DSP_ADD.FRAC_ADDSUB/DSP48E1_ADD.DSP48E1_ADD/carry_in_del
                         DSP48E1                                      r  bd_0_i/hls_inst/inst/grp_DWT_IR_fu_216/DWT_Accel_dadddsueOg_U53/DWT_Accel_ap_dadddsub_3_full_dsp_64_u/U0/i_synth/ADDSUB_OP.ADDSUB/LOGIC_SPEED.OP/ALIGN_BLK/FRAC_ADDSUB/DSP_ADD.FRAC_ADDSUB/DSP48E1_ADD.DSP48E1_ADD/DSP/CARRYIN
  -------------------------------------------------------------------    -------------------

                         (clock ap_clk rise edge)    10.000    10.000 r  
                                                      0.000    10.000 r  ap_clk (IN)
                         net (fo=16145, unset)        0.924    10.924    bd_0_i/hls_inst/inst/grp_DWT_IR_fu_216/DWT_Accel_dadddsueOg_U53/DWT_Accel_ap_dadddsub_3_full_dsp_64_u/U0/i_synth/ADDSUB_OP.ADDSUB/LOGIC_SPEED.OP/ALIGN_BLK/FRAC_ADDSUB/DSP_ADD.FRAC_ADDSUB/DSP48E1_ADD.DSP48E1_ADD/aclk
                         DSP48E1                                      r  bd_0_i/hls_inst/inst/grp_DWT_IR_fu_216/DWT_Accel_dadddsueOg_U53/DWT_Accel_ap_dadddsub_3_full_dsp_64_u/U0/i_synth/ADDSUB_OP.ADDSUB/LOGIC_SPEED.OP/ALIGN_BLK/FRAC_ADDSUB/DSP_ADD.FRAC_ADDSUB/DSP48E1_ADD.DSP48E1_ADD/DSP/CLK
                         clock pessimism              0.000    10.924    
                         clock uncertainty           -0.035    10.889    
                         DSP48E1 (Setup_dsp48e1_CLK_CARRYIN)
                                                     -1.298     9.591    bd_0_i/hls_inst/inst/grp_DWT_IR_fu_216/DWT_Accel_dadddsueOg_U53/DWT_Accel_ap_dadddsub_3_full_dsp_64_u/U0/i_synth/ADDSUB_OP.ADDSUB/LOGIC_SPEED.OP/ALIGN_BLK/FRAC_ADDSUB/DSP_ADD.FRAC_ADDSUB/DSP48E1_ADD.DSP48E1_ADD/DSP
  -------------------------------------------------------------------
                         required time                          9.591    
                         arrival time                          -8.513    
  -------------------------------------------------------------------
                         slack                                  1.078    





Min Delay Paths
--------------------------------------------------------------------------------------
Slack (MET) :             0.219ns  (arrival time - required time)
  Source:                 bd_0_i/hls_inst/inst/DWT_Accel_DATA_A_m_axi_U/bus_read/rs_rreq/data_p1_reg[0]/C
                            (rising edge-triggered cell FDRE clocked by ap_clk  {rise@0.000ns fall@5.000ns period=10.000ns})
  Destination:            bd_0_i/hls_inst/inst/DWT_Accel_DATA_A_m_axi_U/bus_read/fifo_rreq/mem_reg[4][0]_srl5/D
                            (rising edge-triggered cell SRL16E clocked by ap_clk  {rise@0.000ns fall@5.000ns period=10.000ns})
  Path Group:             ap_clk
  Path Type:              Hold (Min at Fast Process Corner)
  Requirement:            0.000ns  (ap_clk rise@0.000ns - ap_clk rise@0.000ns)
  Data Path Delay:        0.305ns  (logic 0.164ns (53.808%)  route 0.141ns (46.192%))
  Logic Levels:           0  
  Clock Path Skew:        0.022ns (DCD - SCD - CPR)
    Destination Clock Delay (DCD):    0.432ns
    Source Clock Delay      (SCD):    0.410ns
    Clock Pessimism Removal (CPR):    -0.000ns

    Location             Delay type                Incr(ns)  Path(ns)    Netlist Resource(s)
  -------------------------------------------------------------------    -------------------
                         (clock ap_clk rise edge)     0.000     0.000 r  
                                                      0.000     0.000 r  ap_clk (IN)
                         net (fo=16145, unset)        0.410     0.410    bd_0_i/hls_inst/inst/DWT_Accel_DATA_A_m_axi_U/bus_read/rs_rreq/ap_clk
                         FDRE                                         r  bd_0_i/hls_inst/inst/DWT_Accel_DATA_A_m_axi_U/bus_read/rs_rreq/data_p1_reg[0]/C
  -------------------------------------------------------------------    -------------------
                         FDRE (Prop_fdre_C_Q)         0.164     0.574 r  bd_0_i/hls_inst/inst/DWT_Accel_DATA_A_m_axi_U/bus_read/rs_rreq/data_p1_reg[0]/Q
                         net (fo=1, unplaced)         0.141     0.715    bd_0_i/hls_inst/inst/DWT_Accel_DATA_A_m_axi_U/bus_read/fifo_rreq/q_reg[30]_0[0]
                         SRL16E                                       r  bd_0_i/hls_inst/inst/DWT_Accel_DATA_A_m_axi_U/bus_read/fifo_rreq/mem_reg[4][0]_srl5/D
  -------------------------------------------------------------------    -------------------

                         (clock ap_clk rise edge)     0.000     0.000 r  
                                                      0.000     0.000 r  ap_clk (IN)
                         net (fo=16145, unset)        0.432     0.432    bd_0_i/hls_inst/inst/DWT_Accel_DATA_A_m_axi_U/bus_read/fifo_rreq/ap_clk
                         SRL16E                                       r  bd_0_i/hls_inst/inst/DWT_Accel_DATA_A_m_axi_U/bus_read/fifo_rreq/mem_reg[4][0]_srl5/CLK
                         clock pessimism              0.000     0.432    
                         SRL16E (Hold_srl16e_CLK_D)
                                                      0.064     0.496    bd_0_i/hls_inst/inst/DWT_Accel_DATA_A_m_axi_U/bus_read/fifo_rreq/mem_reg[4][0]_srl5
  -------------------------------------------------------------------
                         required time                         -0.496    
                         arrival time                           0.715    
  -------------------------------------------------------------------
                         slack                                  0.219    





Pulse Width Checks
--------------------------------------------------------------------------------------
Clock Name:         ap_clk
Waveform(ns):       { 0.000 5.000 }
Period(ns):         10.000
Sources:            { ap_clk }

Check Type        Corner  Lib Pin      Reference Pin  Required(ns)  Actual(ns)  Slack(ns)  Location  Pin
Min Period        n/a     DSP48E1/CLK  n/a            4.275         10.000      5.725                bd_0_i/hls_inst/inst/grp_Filter_fu_228/DWT_Accel_dmul_64fYi_U67/DWT_Accel_ap_dmul_4_max_dsp_64_u/U0/i_synth/MULT.OP/i_non_prim.MULT/DSP48E1_SPD_DBL_VARIANT.FIX_MULT/DSP5/DSP/CLK
Low Pulse Width   Fast    SRL16E/CLK   n/a            0.980         5.000       4.020                bd_0_i/hls_inst/inst/grp_Filter_fu_228/DWT_Accel_dmul_64fYi_U67/DWT_Accel_ap_dmul_4_max_dsp_64_u/U0/i_synth/MULT.OP/i_non_prim.EXP/EXP_PRE_RND_DEL/i_pipe/opt_has_pipe.i_pipe[2].pipe_reg[2][0]_srl2/CLK
High Pulse Width  Slow    SRL16E/CLK   n/a            0.980         5.000       4.020                bd_0_i/hls_inst/inst/grp_Filter_fu_228/DWT_Accel_dmul_64fYi_U67/DWT_Accel_ap_dmul_4_max_dsp_64_u/U0/i_synth/MULT.OP/i_non_prim.EXP/EXP_PRE_RND_DEL/i_pipe/opt_has_pipe.i_pipe[2].pipe_reg[2][0]_srl2/CLK



