INFO: [SIM 2] *************** CSIM start ***************
INFO: [SIM 4] CSIM will launch GCC as the compiler.
   Compiling(apcc) ../../../DWT_Accel_TB.c in debug mode
INFO: Applying HLS Y2K22 patch v1.2 for IP revision
INFO: [HLS 200-10] Running 'C:/Xilinx/Vivado/2019.1/bin/unwrapped/win64.o/apcc.exe'
INFO: [HLS 200-10] For user 'ronal' on host 'ronaldroypc' (Windows NT_amd64 version 6.2) on Wed Dec 13 21:12:06 -0600 2023
INFO: [HLS 200-10] In directory 'C:/Users/ronal/Documents/ECE527MPs/final_project/DWT/solution1/csim/build'
../../../DWT_Accel_TB.c:34:22: warning: format specifies type 'unsigned int' but the argument has type 'unsigned char *' [-Wformat]
                        printf("input is %u\n", a[k][j]);
                                         ~^     ~~~~~~~
                                         %s
../../../DWT_Accel_TB.c:37:12: warning: incompatible pointer types passing 'unsigned char [1][480][640]' to parameter of type 'int (*)[8]' [-Wincompatible-pointer-types]
        DWT_Accel(a,b,c);
                  ^
../../../test.h:1:20: note: passing argument to parameter 'a' here
void DWT_Accel(int a[8][8], int b[8][8], int c[8][8]);
                   ^
../../../DWT_Accel_TB.c:37:14: warning: incompatible pointer types passing 'unsigned char [1][480][640]' to parameter of type 'int (*)[8]' [-Wincompatible-pointer-types]
        DWT_Accel(a,b,c);
                    ^
../../../test.h:1:33: note: passing argument to parameter 'b' here
void DWT_Accel(int a[8][8], int b[8][8], int c[8][8]);
                                ^
../../../DWT_Accel_TB.c:37:16: warning: incompatible pointer types passing 'unsigned char [1][480][640]' to parameter of type 'int (*)[8]' [-Wincompatible-pointer-types]
        DWT_Accel(a,b,c);
                      ^
../../../test.h:1:46: note: passing argument to parameter 'c' here
void DWT_Accel(int a[8][8], int b[8][8], int c[8][8]);
                                             ^
../../../DWT_Accel_TB.c:42:23: warning: format specifies type 'unsigned int' but the argument has type 'unsigned char *' [-Wformat]
                        printf("output is %u\n", c[l][j]);
                                          ~^     ~~~~~~~
                                          %s
5 warnings generated.
../../../DWT_Accel_TB.c:34:22: warning: format specifies type 'unsigned int' but the argument has type 'unsigned char *' [-Wformat]
                        printf("input is %u\n", a[k][j]);
                                         ~^     ~~~~~~~
                                         %s
../../../DWT_Accel_TB.c:37:12: warning: incompatible pointer types passing 'unsigned char [1][480][640]' to parameter of type 'int (*)[8]' [-Wincompatible-pointer-types]
        DWT_Accel(a,b,c);
                  ^
../../../test.h:1:20: note: passing argument to parameter 'a' here
void DWT_Accel(int a[8][8], int b[8][8], int c[8][8]);
                   ^
../../../DWT_Accel_TB.c:37:14: warning: incompatible pointer types passing 'unsigned char [1][480][640]' to parameter of type 'int (*)[8]' [-Wincompatible-pointer-types]
        DWT_Accel(a,b,c);
                    ^
../../../test.h:1:33: note: passing argument to parameter 'b' here
void DWT_Accel(int a[8][8], int b[8][8], int c[8][8]);
                                ^
../../../DWT_Accel_TB.c:37:16: warning: incompatible pointer types passing 'unsigned char [1][480][640]' to parameter of type 'int (*)[8]' [-Wincompatible-pointer-types]
        DWT_Accel(a,b,c);
                      ^
../../../test.h:1:46: note: passing argument to parameter 'c' here
void DWT_Accel(int a[8][8], int b[8][8], int c[8][8]);
                                             ^
../../../DWT_Accel_TB.c:42:23: warning: format specifies type 'unsigned int' but the argument has type 'unsigned char *' [-Wformat]
                        printf("output is %u\n", c[l][j]);
                                          ~^     ~~~~~~~
                                          %s
5 warnings generated.
INFO: [APCC 202-3] Tmp directory is apcc_db
INFO: [APCC 202-1] APCC is done.
   Compiling(apcc) ../../../DWT_Accel.c in debug mode
INFO: Applying HLS Y2K22 patch v1.2 for IP revision
INFO: [HLS 200-10] Running 'C:/Xilinx/Vivado/2019.1/bin/unwrapped/win64.o/apcc.exe'
INFO: [HLS 200-10] For user 'ronal' on host 'ronaldroypc' (Windows NT_amd64 version 6.2) on Wed Dec 13 21:12:12 -0600 2023
INFO: [HLS 200-10] In directory 'C:/Users/ronal/Documents/ECE527MPs/final_project/DWT/solution1/csim/build'
../../../DWT_Accel.c:44:21: warning: implicit conversion turns literal floating-point number into integer: 'double' to 'unsigned char' [-Wliteral-conversion]
        unsigned char w0 = 0.5;
                      ~~   ^~~
../../../DWT_Accel.c:45:22: warning: implicit conversion turns literal floating-point number into integer: 'double' to 'unsigned char' [-Wliteral-conversion]
        unsigned char w1 = -0.5;
                      ~~    ^~~
../../../DWT_Accel.c:46:21: warning: implicit conversion turns literal floating-point number into integer: 'double' to 'unsigned char' [-Wliteral-conversion]
        unsigned char s0 = 0.5;
                      ~~   ^~~
../../../DWT_Accel.c:47:21: warning: implicit conversion turns literal floating-point number into integer: 'double' to 'unsigned char' [-Wliteral-conversion]
        unsigned char s1 = 0.5;
                      ~~   ^~~
../../../DWT_Accel.c:115:22: warning: implicit conversion turns literal floating-point number into integer: 'double' to 'unsigned char' [-Wliteral-conversion]
                unsigned char w0 = 0.5;
                              ~~   ^~~
../../../DWT_Accel.c:116:23: warning: implicit conversion turns literal floating-point number into integer: 'double' to 'unsigned char' [-Wliteral-conversion]
                unsigned char w1 = -0.5;
                              ~~    ^~~
../../../DWT_Accel.c:117:22: warning: implicit conversion turns literal floating-point number into integer: 'double' to 'unsigned char' [-Wliteral-conversion]
                unsigned char s0 = 0.5;
                              ~~   ^~~
../../../DWT_Accel.c:118:22: warning: implicit conversion turns literal floating-point number into integer: 'double' to 'unsigned char' [-Wliteral-conversion]
                unsigned char s1 = 0.5;
                              ~~   ^~~
../../../DWT_Accel.c:217:21: warning: implicit conversion turns literal floating-point number into integer: 'double' to 'unsigned char' [-Wliteral-conversion]
        unsigned char w0 = 0.5;
                      ~~   ^~~
../../../DWT_Accel.c:218:22: warning: implicit conversion turns literal floating-point number into integer: 'double' to 'unsigned char' [-Wliteral-conversion]
        unsigned char w1 = -0.5;
                      ~~    ^~~
../../../DWT_Accel.c:219:21: warning: implicit conversion turns literal floating-point number into integer: 'double' to 'unsigned char' [-Wliteral-conversion]
        unsigned char s0 = 0.5;
                      ~~   ^~~
../../../DWT_Accel.c:220:21: warning: implicit conversion turns literal floating-point number into integer: 'double' to 'unsigned char' [-Wliteral-conversion]
        unsigned char s1 = 0.5;
                      ~~   ^~~
12 warnings generated.
../../../DWT_Accel.c:44:21: warning: implicit conversion turns literal floating-point number into integer: 'double' to 'unsigned char' [-Wliteral-conversion]
        unsigned char w0 = 0.5;
                      ~~   ^~~
../../../DWT_Accel.c:45:22: warning: implicit conversion turns literal floating-point number into integer: 'double' to 'unsigned char' [-Wliteral-conversion]
        unsigned char w1 = -0.5;
                      ~~    ^~~
../../../DWT_Accel.c:46:21: warning: implicit conversion turns literal floating-point number into integer: 'double' to 'unsigned char' [-Wliteral-conversion]
        unsigned char s0 = 0.5;
                      ~~   ^~~
../../../DWT_Accel.c:47:21: warning: implicit conversion turns literal floating-point number into integer: 'double' to 'unsigned char' [-Wliteral-conversion]
        unsigned char s1 = 0.5;
                      ~~   ^~~
../../../DWT_Accel.c:115:22: warning: implicit conversion turns literal floating-point number into integer: 'double' to 'unsigned char' [-Wliteral-conversion]
                unsigned char w0 = 0.5;
                              ~~   ^~~
../../../DWT_Accel.c:116:23: warning: implicit conversion turns literal floating-point number into integer: 'double' to 'unsigned char' [-Wliteral-conversion]
                unsigned char w1 = -0.5;
                              ~~    ^~~
../../../DWT_Accel.c:117:22: warning: implicit conversion turns literal floating-point number into integer: 'double' to 'unsigned char' [-Wliteral-conversion]
                unsigned char s0 = 0.5;
                              ~~   ^~~
../../../DWT_Accel.c:118:22: warning: implicit conversion turns literal floating-point number into integer: 'double' to 'unsigned char' [-Wliteral-conversion]
                unsigned char s1 = 0.5;
                              ~~   ^~~
../../../DWT_Accel.c:217:21: warning: implicit conversion turns literal floating-point number into integer: 'double' to 'unsigned char' [-Wliteral-conversion]
        unsigned char w0 = 0.5;
                      ~~   ^~~
../../../DWT_Accel.c:218:22: warning: implicit conversion turns literal floating-point number into integer: 'double' to 'unsigned char' [-Wliteral-conversion]
        unsigned char w1 = -0.5;
                      ~~    ^~~
../../../DWT_Accel.c:219:21: warning: implicit conversion turns literal floating-point number into integer: 'double' to 'unsigned char' [-Wliteral-conversion]
        unsigned char s0 = 0.5;
                      ~~   ^~~
../../../DWT_Accel.c:220:21: warning: implicit conversion turns literal floating-point number into integer: 'double' to 'unsigned char' [-Wliteral-conversion]
        unsigned char s1 = 0.5;
                      ~~   ^~~
12 warnings generated.
INFO: [APCC 202-3] Tmp directory is apcc_db
INFO: [APCC 202-1] APCC is done.
   Generating csim.exe
INFO: [SIM 1] CSim file generation done with 0 errors.
INFO: [SIM 3] *************** CSIM finish ***************
