

================================================================
== Vivado HLS Report for 'DWT_IR'
================================================================
* Date:           Thu Dec 14 23:04:29 2023

* Version:        2019.1 (Build 2552052 on Fri May 24 15:28:33 MDT 2019)
* Project:        DWT
* Solution:       solution1
* Product family: zynq
* Target device:  xc7z020-clg400-1


================================================================
== Performance Estimates
================================================================
+ Timing (ns): 
    * Summary: 
    +--------+-------+----------+------------+
    |  Clock | Target| Estimated| Uncertainty|
    +--------+-------+----------+------------+
    |ap_clk  |  10.00|     9.348|        1.25|
    +--------+-------+----------+------------+

+ Latency (clock cycles): 
    * Summary: 
    +-----+--------+-----+--------+---------+
    |    Latency   |   Interval   | Pipeline|
    | min |   max  | min |   max  |   Type  |
    +-----+--------+-----+--------+---------+
    |  807|  833607|  807|  833607|   none  |
    +-----+--------+-----+--------+---------+

    + Detail: 
        * Instance: 
        N/A

        * Loop: 
        +-----------------+------+--------+--------------+-----------+-----------+------+----------+
        |                 |    Latency    |   Iteration  |  Initiation Interval  | Trip |          |
        |    Loop Name    |  min |   max  |    Latency   |  achieved |   target  | Count| Pipelined|
        +-----------------+------+--------+--------------+-----------+-----------+------+----------+
        |- Loop 1         |   806|  833606| 403 ~ 416803 |          -|          -|     2|    no    |
        | + Loop 1.1      |   240|  271200|   2 ~ 2260   |          -|          -|   120|    no    |
        |  ++ Loop 1.1.1  |  1440|    1440|             9|          -|          -|   160|    no    |
        |  ++ Loop 1.1.2  |   175|     175|            32|         16|          1|    10|    yes   |
        |  ++ Loop 1.1.3  |   320|     640|     2 ~ 4    |          -|          -|   160|    no    |
        | + Loop 1.2      |   160|  145600|   2 ~ 1820   |          -|          -|    80|    no    |
        |  ++ Loop 1.2.1  |  1080|    1080|             9|          -|          -|   120|    no    |
        |  ++ Loop 1.2.2  |   255|     255|            32|         16|          1|    15|    yes   |
        |  ++ Loop 1.2.3  |   240|     480|     2 ~ 4    |          -|          -|   120|    no    |
        +-----------------+------+--------+--------------+-----------+-----------+------+----------+



================================================================
== Utilization Estimates
================================================================
* Summary: 
+-----------------+---------+-------+--------+-------+-----+
|       Name      | BRAM_18K| DSP48E|   FF   |  LUT  | URAM|
+-----------------+---------+-------+--------+-------+-----+
|DSP              |        -|      -|       -|      -|    -|
|Expression       |        -|      -|       0|   1661|    -|
|FIFO             |        -|      -|       -|      -|    -|
|Instance         |        -|     14|    1330|   2786|    -|
|Memory           |        6|      -|       0|      0|    0|
|Multiplexer      |        -|      -|       -|   1444|    -|
|Register         |        -|      -|    2533|      -|    -|
+-----------------+---------+-------+--------+-------+-----+
|Total            |        6|     14|    3863|   5891|    0|
+-----------------+---------+-------+--------+-------+-----+
|Available        |      280|    220|  106400|  53200|    0|
+-----------------+---------+-------+--------+-------+-----+
|Utilization (%)  |        2|      6|       3|     11|    0|
+-----------------+---------+-------+--------+-------+-----+

+ Detail: 
    * Instance: 
    +--------------------------+----------------------+---------+-------+-----+------+-----+
    |         Instance         |        Module        | BRAM_18K| DSP48E|  FF |  LUT | URAM|
    +--------------------------+----------------------+---------+-------+-----+------+-----+
    |DWT_Accel_dadddsueOg_U53  |DWT_Accel_dadddsueOg  |        0|      3|  445|  1149|    0|
    |DWT_Accel_dmul_64fYi_U54  |DWT_Accel_dmul_64fYi  |        0|     11|  317|   578|    0|
    |DWT_Accel_fpext_3dEe_U52  |DWT_Accel_fpext_3dEe  |        0|      0|  100|   138|    0|
    |DWT_Accel_fptrunccud_U51  |DWT_Accel_fptrunccud  |        0|      0|  128|   277|    0|
    |DWT_Accel_mux_832ibs_U55  |DWT_Accel_mux_832ibs  |        0|      0|    0|    45|    0|
    |DWT_Accel_mux_832ibs_U56  |DWT_Accel_mux_832ibs  |        0|      0|    0|    45|    0|
    |DWT_Accel_uitofp_bkb_U50  |DWT_Accel_uitofp_bkb  |        0|      0|  340|   554|    0|
    +--------------------------+----------------------+---------+-------+-----+------+-----+
    |Total                     |                      |        0|     14| 1330|  2786|    0|
    +--------------------------+----------------------+---------+-------+-----+------+-----+

    * DSP48E: 
    N/A

    * Memory: 
    +----------+------------------+---------+---+----+-----+------+-----+------+-------------+
    |  Memory  |      Module      | BRAM_18K| FF| LUT| URAM| Words| Bits| Banks| W*Bits*Banks|
    +----------+------------------+---------+---+----+-----+------+-----+------+-------------+
    |column_U  |DWT_color_column  |        2|  0|   0|    0|   120|   32|     1|         3840|
    |row_U     |DWT_color_row     |        2|  0|   0|    0|   160|   32|     1|         5120|
    |tempc_U   |DWT_color_tempc   |        1|  0|   0|    0|   120|   32|     1|         3840|
    |tempr_U   |DWT_color_tempr   |        1|  0|   0|    0|   160|   32|     1|         5120|
    +----------+------------------+---------+---+----+-----+------+-----+------+-------------+
    |Total     |                  |        6|  0|   0|    0|   560|  128|     4|        17920|
    +----------+------------------+---------+---+----+-----+------+-----+------+-------------+

    * FIFO: 
    N/A

    * Expression: 
    +-------------------------+----------+-------+---+-----+------------+------------+
    |      Variable Name      | Operation| DSP48E| FF| LUT | Bitwidth P0| Bitwidth P1|
    +-------------------------+----------+-------+---+-----+------------+------------+
    |add_ln125_1_fu_1397_p2   |     +    |      0|  0|   12|          12|          12|
    |add_ln125_fu_1362_p2     |     +    |      0|  0|   12|          12|          12|
    |add_ln127_fu_1724_p2     |     +    |      0|  0|   15|           7|           4|
    |add_ln135_1_fu_1755_p2   |     +    |      0|  0|   15|           8|           8|
    |add_ln135_2_fu_1772_p2   |     +    |      0|  0|   15|           8|           8|
    |add_ln135_3_fu_1789_p2   |     +    |      0|  0|   15|           8|           8|
    |add_ln135_4_fu_1806_p2   |     +    |      0|  0|   15|           8|           8|
    |add_ln135_5_fu_1823_p2   |     +    |      0|  0|   15|           8|           8|
    |add_ln135_6_fu_1840_p2   |     +    |      0|  0|   15|           8|           8|
    |add_ln135_7_fu_1857_p2   |     +    |      0|  0|   15|           8|           8|
    |add_ln135_fu_1739_p2     |     +    |      0|  0|   15|           8|           8|
    |add_ln142_fu_1892_p2     |     +    |      0|  0|   12|          12|          12|
    |add_ln153_1_fu_2107_p2   |     +    |      0|  0|   12|          12|          12|
    |add_ln153_fu_2101_p2     |     +    |      0|  0|   12|          12|          12|
    |add_ln155_fu_2427_p2     |     +    |      0|  0|   15|           7|           4|
    |add_ln163_1_fu_2451_p2   |     +    |      0|  0|   15|           7|           7|
    |add_ln163_2_fu_2464_p2   |     +    |      0|  0|   15|           7|           7|
    |add_ln163_3_fu_2477_p2   |     +    |      0|  0|   15|           7|           7|
    |add_ln163_4_fu_2490_p2   |     +    |      0|  0|   15|           7|           7|
    |add_ln163_5_fu_2503_p2   |     +    |      0|  0|   15|           7|           7|
    |add_ln163_6_fu_2516_p2   |     +    |      0|  0|   15|           7|           7|
    |add_ln163_7_fu_2529_p2   |     +    |      0|  0|   15|           7|           7|
    |add_ln163_fu_2438_p2     |     +    |      0|  0|   15|           7|           7|
    |add_ln170_1_fu_2603_p2   |     +    |      0|  0|   12|          12|          12|
    |add_ln170_fu_2597_p2     |     +    |      0|  0|   12|          12|          12|
    |add_ln339_3_fu_2630_p2   |     +    |      0|  0|   15|           8|           9|
    |add_ln339_fu_1919_p2     |     +    |      0|  0|   15|           8|           9|
    |i_fu_1309_p2             |     +    |      0|  0|   15|           7|           1|
    |j_3_fu_2061_p2           |     +    |      0|  0|   15|           7|           1|
    |j_fu_1387_p2             |     +    |      0|  0|   15|           8|           1|
    |k_fu_1263_p2             |     +    |      0|  0|   10|           2|           1|
    |n_fu_2040_p2             |     +    |      0|  0|   15|           7|           1|
    |o_3_fu_2543_p2           |     +    |      0|  0|   15|           7|           1|
    |o_fu_1872_p2             |     +    |      0|  0|   15|           8|           1|
    |sub_ln1311_3_fu_2644_p2  |     -    |      0|  0|   15|           7|           8|
    |sub_ln1311_fu_1933_p2    |     -    |      0|  0|   15|           7|           8|
    |ap_condition_3667        |    and   |      0|  0|    2|           1|           1|
    |ap_condition_3670        |    and   |      0|  0|    2|           1|           1|
    |ap_condition_3673        |    and   |      0|  0|    2|           1|           1|
    |ap_condition_3676        |    and   |      0|  0|    2|           1|           1|
    |ap_condition_3680        |    and   |      0|  0|    2|           1|           1|
    |ap_condition_3684        |    and   |      0|  0|    2|           1|           1|
    |ap_condition_3687        |    and   |      0|  0|    2|           1|           1|
    |ap_condition_3690        |    and   |      0|  0|    2|           1|           1|
    |icmp_ln114_fu_1257_p2    |   icmp   |      0|  0|    9|           2|           3|
    |icmp_ln119_fu_1303_p2    |   icmp   |      0|  0|   11|           7|           5|
    |icmp_ln121_fu_1315_p2    |   icmp   |      0|  0|   11|           7|           7|
    |icmp_ln123_fu_1381_p2    |   icmp   |      0|  0|   11|           8|           8|
    |icmp_ln127_fu_1444_p2    |   icmp   |      0|  0|   11|           7|           7|
    |icmp_ln131_1_fu_1485_p2  |   icmp   |      0|  0|   11|           7|           7|
    |icmp_ln131_2_fu_1520_p2  |   icmp   |      0|  0|   11|           7|           7|
    |icmp_ln131_3_fu_1555_p2  |   icmp   |      0|  0|   11|           7|           7|
    |icmp_ln131_4_fu_1590_p2  |   icmp   |      0|  0|   11|           7|           7|
    |icmp_ln131_5_fu_1625_p2  |   icmp   |      0|  0|   11|           7|           7|
    |icmp_ln131_6_fu_1660_p2  |   icmp   |      0|  0|   11|           7|           7|
    |icmp_ln131_7_fu_1695_p2  |   icmp   |      0|  0|   11|           7|           7|
    |icmp_ln131_fu_1450_p2    |   icmp   |      0|  0|   11|           7|           7|
    |icmp_ln138_fu_1866_p2    |   icmp   |      0|  0|   11|           8|           8|
    |icmp_ln140_fu_1878_p2    |   icmp   |      0|  0|   11|           8|           8|
    |icmp_ln147_fu_2034_p2    |   icmp   |      0|  0|   11|           7|           7|
    |icmp_ln149_fu_2046_p2    |   icmp   |      0|  0|   11|           7|           7|
    |icmp_ln151_fu_2055_p2    |   icmp   |      0|  0|   11|           7|           5|
    |icmp_ln155_fu_2163_p2    |   icmp   |      0|  0|   11|           7|           5|
    |icmp_ln159_1_fu_2202_p2  |   icmp   |      0|  0|   11|           7|           7|
    |icmp_ln159_2_fu_2235_p2  |   icmp   |      0|  0|   11|           7|           7|
    |icmp_ln159_3_fu_2268_p2  |   icmp   |      0|  0|   11|           7|           7|
    |icmp_ln159_4_fu_2301_p2  |   icmp   |      0|  0|   11|           7|           7|
    |icmp_ln159_5_fu_2334_p2  |   icmp   |      0|  0|   11|           7|           7|
    |icmp_ln159_6_fu_2367_p2  |   icmp   |      0|  0|   11|           7|           7|
    |icmp_ln159_7_fu_2400_p2  |   icmp   |      0|  0|   11|           7|           7|
    |icmp_ln159_fu_2169_p2    |   icmp   |      0|  0|   11|           7|           7|
    |icmp_ln166_fu_2537_p2    |   icmp   |      0|  0|   11|           7|           5|
    |icmp_ln168_fu_2549_p2    |   icmp   |      0|  0|   11|           7|           7|
    |level_col_fu_1277_p2     |   lshr   |      0|  0|   17|           5|           7|
    |level_row_fu_1283_p2     |   lshr   |      0|  0|   19|           8|           8|
    |r_V_9_fu_2685_p2         |   lshr   |      0|  0|   73|          25|          25|
    |r_V_fu_1985_p2           |   lshr   |      0|  0|   73|          25|          25|
    |or_ln127_1_fu_1514_p2    |    or    |      0|  0|    7|           7|           2|
    |or_ln127_2_fu_1549_p2    |    or    |      0|  0|    7|           7|           2|
    |or_ln127_3_fu_1584_p2    |    or    |      0|  0|    7|           7|           3|
    |or_ln127_4_fu_1619_p2    |    or    |      0|  0|    7|           7|           3|
    |or_ln127_5_fu_1654_p2    |    or    |      0|  0|    7|           7|           3|
    |or_ln127_6_fu_1689_p2    |    or    |      0|  0|    7|           7|           3|
    |or_ln127_fu_1479_p2      |    or    |      0|  0|    7|           7|           1|
    |or_ln134_1_fu_1503_p2    |    or    |      0|  0|    8|           8|           1|
    |or_ln134_2_fu_1538_p2    |    or    |      0|  0|    8|           8|           1|
    |or_ln134_3_fu_1573_p2    |    or    |      0|  0|    8|           8|           1|
    |or_ln134_4_fu_1608_p2    |    or    |      0|  0|    8|           8|           1|
    |or_ln134_5_fu_1643_p2    |    or    |      0|  0|    8|           8|           1|
    |or_ln134_6_fu_1678_p2    |    or    |      0|  0|    8|           8|           1|
    |or_ln134_7_fu_1713_p2    |    or    |      0|  0|    8|           8|           1|
    |or_ln134_fu_1468_p2      |    or    |      0|  0|    8|           8|           1|
    |or_ln155_1_fu_2229_p2    |    or    |      0|  0|    7|           7|           2|
    |or_ln155_2_fu_2262_p2    |    or    |      0|  0|    7|           7|           2|
    |or_ln155_3_fu_2295_p2    |    or    |      0|  0|    7|           7|           3|
    |or_ln155_4_fu_2328_p2    |    or    |      0|  0|    7|           7|           3|
    |or_ln155_5_fu_2361_p2    |    or    |      0|  0|    7|           7|           3|
    |or_ln155_6_fu_2394_p2    |    or    |      0|  0|    7|           7|           3|
    |or_ln155_fu_2196_p2      |    or    |      0|  0|    7|           7|           1|
    |or_ln162_1_fu_2218_p2    |    or    |      0|  0|    7|           7|           1|
    |or_ln162_2_fu_2251_p2    |    or    |      0|  0|    7|           7|           1|
    |or_ln162_3_fu_2284_p2    |    or    |      0|  0|    7|           7|           1|
    |or_ln162_4_fu_2317_p2    |    or    |      0|  0|    7|           7|           1|
    |or_ln162_5_fu_2350_p2    |    or    |      0|  0|    7|           7|           1|
    |or_ln162_6_fu_2383_p2    |    or    |      0|  0|    7|           7|           1|
    |or_ln162_7_fu_2416_p2    |    or    |      0|  0|    7|           7|           1|
    |or_ln162_fu_2185_p2      |    or    |      0|  0|    7|           7|           1|
    |ush_3_fu_2654_p3         |  select  |      0|  0|    9|           1|           9|
    |ush_fu_1943_p3           |  select  |      0|  0|    9|           1|           9|
    |val_V_3_fu_2719_p3       |  select  |      0|  0|   16|           1|          16|
    |val_V_fu_2019_p3         |  select  |      0|  0|   16|           1|          16|
    |r_V_10_fu_2691_p2        |    shl   |      0|  0|  180|          63|          63|
    |r_V_8_fu_1991_p2         |    shl   |      0|  0|  180|          63|          63|
    |ap_enable_pp0            |    xor   |      0|  0|    2|           1|           2|
    |ap_enable_pp1            |    xor   |      0|  0|    2|           1|           2|
    +-------------------------+----------+-------+---+-----+------------+------------+
    |Total                    |          |      0|  0| 1661|         916|         750|
    +-------------------------+----------+-------+---+-----+------------+------------+

    * Multiplexer: 
    +----------------------------------+-----+-----------+-----+-----------+
    |               Name               | LUT | Input Size| Bits| Total Bits|
    +----------------------------------+-----+-----------+-----+-----------+
    |B_0_address0                      |   27|          5|   12|         60|
    |B_0_d0                            |   15|          3|   16|         48|
    |B_1_address0                      |   27|          5|   12|         60|
    |B_1_d0                            |   15|          3|   16|         48|
    |B_2_address0                      |   27|          5|   12|         60|
    |B_2_d0                            |   15|          3|   16|         48|
    |B_3_address0                      |   27|          5|   12|         60|
    |B_3_d0                            |   15|          3|   16|         48|
    |B_4_address0                      |   27|          5|   12|         60|
    |B_4_d0                            |   15|          3|   16|         48|
    |B_5_address0                      |   27|          5|   12|         60|
    |B_5_d0                            |   15|          3|   16|         48|
    |B_6_address0                      |   27|          5|   12|         60|
    |B_6_d0                            |   15|          3|   16|         48|
    |B_7_address0                      |   27|          5|   12|         60|
    |B_7_d0                            |   15|          3|   16|         48|
    |ap_NS_fsm                         |  293|         65|    1|         65|
    |ap_enable_reg_pp0_iter1           |    9|          2|    1|          2|
    |ap_enable_reg_pp1_iter1           |    9|          2|    1|          2|
    |ap_phi_mux_l2_0_0_phi_fu_1052_p4  |    9|          2|    7|         14|
    |ap_phi_mux_l_0_0_phi_fu_1006_p4   |    9|          2|    7|         14|
    |column_address0                   |   47|         10|    7|         70|
    |column_address1                   |   44|          9|    7|         63|
    |grp_fu_1071_p0                    |   15|          3|   32|         96|
    |grp_fu_1074_p0                    |   15|          3|   64|        192|
    |grp_fu_1079_p0                    |  101|         21|   32|        672|
    |grp_fu_1084_opcode                |   15|          3|    2|          6|
    |grp_fu_1084_p0                    |   44|          9|   64|        576|
    |grp_fu_1084_p1                    |   44|          9|   64|        576|
    |grp_fu_1088_p0                    |   50|         11|   64|        704|
    |i_0_reg_979                       |    9|          2|    7|         14|
    |j1_0_reg_1036                     |    9|          2|    7|         14|
    |j_0_reg_990                       |    9|          2|    8|         16|
    |k_0_reg_968                       |    9|          2|    2|          4|
    |l2_0_0_reg_1048                   |    9|          2|    7|         14|
    |l_0_0_reg_1002                    |    9|          2|    7|         14|
    |n_0_reg_1025                      |    9|          2|    7|         14|
    |o4_0_reg_1060                     |    9|          2|    7|         14|
    |o_0_reg_1014                      |    9|          2|    8|         16|
    |reg_1099                          |    9|          2|   32|         64|
    |reg_1115                          |    9|          2|   32|         64|
    |reg_1126                          |    9|          2|   32|         64|
    |reg_1234                          |    9|          2|   32|         64|
    |reg_1245                          |    9|          2|   32|         64|
    |reg_1251                          |    9|          2|   32|         64|
    |row_address0                      |   47|         10|    8|         80|
    |row_address1                      |   44|          9|    8|         72|
    |tempc_address0                    |   89|         18|    7|        126|
    |tempr_address0                    |   89|         18|    8|        144|
    +----------------------------------+-----+-----------+-----+-----------+
    |Total                             | 1444|        300|  860|       4842|
    +----------------------------------+-----+-----------+-----+-----------+

    * Register: 
    +-------------------------------------+----+----+-----+-----------+
    |                 Name                | FF | LUT| Bits| Const Bits|
    +-------------------------------------+----+----+-----+-----------+
    |add_ln125_reg_2811                   |   7|   0|   12|          5|
    |add_ln127_reg_3079                   |   7|   0|    7|          0|
    |add_ln135_7_reg_3089                 |   8|   0|    8|          0|
    |add_ln142_reg_3106                   |  12|   0|   12|          0|
    |add_ln155_reg_3392                   |   7|   0|    7|          0|
    |add_ln163_7_reg_3402                 |   7|   0|    7|          0|
    |add_ln163_reg_3397                   |   7|   0|    7|          0|
    |add_ln170_1_reg_3428                 |  12|   0|   12|          0|
    |ap_CS_fsm                            |  64|   0|   64|          0|
    |ap_enable_reg_pp0_iter0              |   1|   0|    1|          0|
    |ap_enable_reg_pp0_iter1              |   1|   0|    1|          0|
    |ap_enable_reg_pp1_iter0              |   1|   0|    1|          0|
    |ap_enable_reg_pp1_iter1              |   1|   0|    1|          0|
    |column_load_29_reg_3287              |  32|   0|   32|          0|
    |column_load_30_reg_3312              |  32|   0|   32|          0|
    |column_load_31_reg_3337              |  32|   0|   32|          0|
    |column_load_32_reg_3362              |  32|   0|   32|          0|
    |column_load_33_reg_3387              |  32|   0|   32|          0|
    |i_0_reg_979                          |   7|   0|    7|          0|
    |i_reg_2793                           |   7|   0|    7|          0|
    |icmp_ln121_reg_2798                  |   1|   0|    1|          0|
    |icmp_ln127_reg_2896                  |   1|   0|    1|          0|
    |icmp_ln131_1_reg_2920                |   1|   0|    1|          0|
    |icmp_ln131_1_reg_2920_pp0_iter1_reg  |   1|   0|    1|          0|
    |icmp_ln131_2_reg_2940                |   1|   0|    1|          0|
    |icmp_ln131_2_reg_2940_pp0_iter1_reg  |   1|   0|    1|          0|
    |icmp_ln131_3_reg_2960                |   1|   0|    1|          0|
    |icmp_ln131_3_reg_2960_pp0_iter1_reg  |   1|   0|    1|          0|
    |icmp_ln131_4_reg_2985                |   1|   0|    1|          0|
    |icmp_ln131_4_reg_2985_pp0_iter1_reg  |   1|   0|    1|          0|
    |icmp_ln131_5_reg_3010                |   1|   0|    1|          0|
    |icmp_ln131_5_reg_3010_pp0_iter1_reg  |   1|   0|    1|          0|
    |icmp_ln131_6_reg_3035                |   1|   0|    1|          0|
    |icmp_ln131_6_reg_3035_pp0_iter1_reg  |   1|   0|    1|          0|
    |icmp_ln131_7_reg_3060                |   1|   0|    1|          0|
    |icmp_ln131_7_reg_3060_pp0_iter1_reg  |   1|   0|    1|          0|
    |icmp_ln131_reg_2900                  |   1|   0|    1|          0|
    |icmp_ln131_reg_2900_pp0_iter1_reg    |   1|   0|    1|          0|
    |icmp_ln149_reg_3140                  |   1|   0|    1|          0|
    |icmp_ln155_reg_3209                  |   1|   0|    1|          0|
    |icmp_ln159_1_reg_3233                |   1|   0|    1|          0|
    |icmp_ln159_1_reg_3233_pp1_iter1_reg  |   1|   0|    1|          0|
    |icmp_ln159_2_reg_3253                |   1|   0|    1|          0|
    |icmp_ln159_2_reg_3253_pp1_iter1_reg  |   1|   0|    1|          0|
    |icmp_ln159_3_reg_3273                |   1|   0|    1|          0|
    |icmp_ln159_3_reg_3273_pp1_iter1_reg  |   1|   0|    1|          0|
    |icmp_ln159_4_reg_3298                |   1|   0|    1|          0|
    |icmp_ln159_4_reg_3298_pp1_iter1_reg  |   1|   0|    1|          0|
    |icmp_ln159_5_reg_3323                |   1|   0|    1|          0|
    |icmp_ln159_5_reg_3323_pp1_iter1_reg  |   1|   0|    1|          0|
    |icmp_ln159_6_reg_3348                |   1|   0|    1|          0|
    |icmp_ln159_6_reg_3348_pp1_iter1_reg  |   1|   0|    1|          0|
    |icmp_ln159_7_reg_3373                |   1|   0|    1|          0|
    |icmp_ln159_7_reg_3373_pp1_iter1_reg  |   1|   0|    1|          0|
    |icmp_ln159_reg_3213                  |   1|   0|    1|          0|
    |icmp_ln159_reg_3213_pp1_iter1_reg    |   1|   0|    1|          0|
    |isNeg_3_reg_3438                     |   1|   0|    1|          0|
    |isNeg_reg_3121                       |   1|   0|    1|          0|
    |j1_0_reg_1036                        |   7|   0|    7|          0|
    |j_0_reg_990                          |   8|   0|    8|          0|
    |j_3_reg_3154                         |   7|   0|    7|          0|
    |j_reg_2841                           |   8|   0|    8|          0|
    |k_0_reg_968                          |   2|   0|    2|          0|
    |k_reg_2748                           |   2|   0|    2|          0|
    |l2_0_0_reg_1048                      |   7|   0|    7|          0|
    |l_0_0_cast_reg_3084                  |   7|   0|    8|          1|
    |l_0_0_reg_1002                       |   7|   0|    7|          0|
    |level_col_reg_2753                   |   7|   0|    7|          0|
    |level_row_reg_2760                   |   8|   0|    8|          0|
    |lshr_ln_reg_2765                     |   7|   0|    7|          0|
    |n_0_reg_1025                         |   7|   0|    7|          0|
    |n_reg_3135                           |   7|   0|    7|          0|
    |o4_0_reg_1060                        |   7|   0|    7|          0|
    |o_0_reg_1014                         |   8|   0|    8|          0|
    |o_3_reg_3410                         |   7|   0|    7|          0|
    |o_reg_3097                           |   8|   0|    8|          0|
    |or_ln127_1_reg_2934                  |   6|   0|    7|          1|
    |or_ln127_1_reg_2934_pp0_iter1_reg    |   6|   0|    7|          1|
    |or_ln127_2_reg_2954                  |   5|   0|    7|          2|
    |or_ln127_2_reg_2954_pp0_iter1_reg    |   5|   0|    7|          2|
    |or_ln127_3_reg_2979                  |   6|   0|    7|          1|
    |or_ln127_3_reg_2979_pp0_iter1_reg    |   6|   0|    7|          1|
    |or_ln127_4_reg_3004                  |   5|   0|    7|          2|
    |or_ln127_4_reg_3004_pp0_iter1_reg    |   5|   0|    7|          2|
    |or_ln127_5_reg_3029                  |   5|   0|    7|          2|
    |or_ln127_5_reg_3029_pp0_iter1_reg    |   5|   0|    7|          2|
    |or_ln127_6_reg_3054                  |   4|   0|    7|          3|
    |or_ln127_6_reg_3054_pp0_iter1_reg    |   4|   0|    7|          3|
    |or_ln127_reg_2914                    |   6|   0|    7|          1|
    |or_ln127_reg_2914_pp0_iter1_reg      |   6|   0|    7|          1|
    |or_ln155_1_reg_3247                  |   6|   0|    7|          1|
    |or_ln155_1_reg_3247_pp1_iter1_reg    |   6|   0|    7|          1|
    |or_ln155_2_reg_3267                  |   5|   0|    7|          2|
    |or_ln155_2_reg_3267_pp1_iter1_reg    |   5|   0|    7|          2|
    |or_ln155_3_reg_3292                  |   6|   0|    7|          1|
    |or_ln155_3_reg_3292_pp1_iter1_reg    |   6|   0|    7|          1|
    |or_ln155_4_reg_3317                  |   5|   0|    7|          2|
    |or_ln155_4_reg_3317_pp1_iter1_reg    |   5|   0|    7|          2|
    |or_ln155_5_reg_3342                  |   5|   0|    7|          2|
    |or_ln155_5_reg_3342_pp1_iter1_reg    |   5|   0|    7|          2|
    |or_ln155_6_reg_3367                  |   4|   0|    7|          3|
    |or_ln155_6_reg_3367_pp1_iter1_reg    |   4|   0|    7|          3|
    |or_ln155_reg_3227                    |   6|   0|    7|          1|
    |or_ln155_reg_3227_pp1_iter1_reg      |   6|   0|    7|          1|
    |reg_1093                             |  32|   0|   32|          0|
    |reg_1099                             |  32|   0|   32|          0|
    |reg_1105                             |  32|   0|   32|          0|
    |reg_1110                             |  64|   0|   64|          0|
    |reg_1115                             |  32|   0|   32|          0|
    |reg_1121                             |  64|   0|   64|          0|
    |reg_1126                             |  32|   0|   32|          0|
    |reg_1132                             |  64|   0|   64|          0|
    |reg_1137                             |  64|   0|   64|          0|
    |reg_1142                             |  64|   0|   64|          0|
    |reg_1147                             |  64|   0|   64|          0|
    |reg_1152                             |  64|   0|   64|          0|
    |reg_1158                             |  64|   0|   64|          0|
    |reg_1164                             |  64|   0|   64|          0|
    |reg_1170                             |  64|   0|   64|          0|
    |reg_1176                             |  64|   0|   64|          0|
    |reg_1182                             |  64|   0|   64|          0|
    |reg_1188                             |  64|   0|   64|          0|
    |reg_1193                             |  64|   0|   64|          0|
    |reg_1199                             |  64|   0|   64|          0|
    |reg_1204                             |  64|   0|   64|          0|
    |reg_1209                             |  64|   0|   64|          0|
    |reg_1214                             |  64|   0|   64|          0|
    |reg_1219                             |  64|   0|   64|          0|
    |reg_1224                             |  64|   0|   64|          0|
    |reg_1229                             |  64|   0|   64|          0|
    |reg_1234                             |  32|   0|   32|          0|
    |reg_1240                             |  32|   0|   32|          0|
    |reg_1245                             |  32|   0|   32|          0|
    |reg_1251                             |  32|   0|   32|          0|
    |row_load_29_reg_2974                 |  32|   0|   32|          0|
    |row_load_30_reg_2999                 |  32|   0|   32|          0|
    |row_load_31_reg_3024                 |  32|   0|   32|          0|
    |row_load_32_reg_3049                 |  32|   0|   32|          0|
    |row_load_33_reg_3074                 |  32|   0|   32|          0|
    |tmp_12_reg_2886                      |  16|   0|   16|          0|
    |tmp_14_reg_3199                      |  16|   0|   16|          0|
    |tmp_V_10_reg_3433                    |  23|   0|   23|          0|
    |tmp_V_8_reg_3116                     |  23|   0|   23|          0|
    |trunc_ln125_reg_2802                 |   3|   0|    3|          0|
    |trunc_ln170_reg_3424                 |   3|   0|    3|          0|
    |ush_3_reg_3443                       |   9|   0|    9|          0|
    |ush_reg_3126                         |   9|   0|    9|          0|
    |zext_ln125_1_reg_2806                |   3|   0|   32|         29|
    |zext_ln131_reg_2778                  |   7|   0|    8|          1|
    |zext_ln151_reg_3144                  |   7|   0|   12|          5|
    |zext_ln159_reg_2817                  |   6|   0|    7|          1|
    +-------------------------------------+----+----+-----+-----------+
    |Total                                |2533|   0| 2623|         90|
    +-------------------------------------+----+----+-----+-----------+



================================================================
== Interface
================================================================
* Summary: 
+--------------+-----+-----+------------+--------------+--------------+
|   RTL Ports  | Dir | Bits|  Protocol  | Source Object|    C Type    |
+--------------+-----+-----+------------+--------------+--------------+
|ap_clk        |  in |    1| ap_ctrl_hs |    DWT_IR    | return value |
|ap_rst        |  in |    1| ap_ctrl_hs |    DWT_IR    | return value |
|ap_start      |  in |    1| ap_ctrl_hs |    DWT_IR    | return value |
|ap_done       | out |    1| ap_ctrl_hs |    DWT_IR    | return value |
|ap_idle       | out |    1| ap_ctrl_hs |    DWT_IR    | return value |
|ap_ready      | out |    1| ap_ctrl_hs |    DWT_IR    | return value |
|B_0_address0  | out |   12|  ap_memory |      B_0     |     array    |
|B_0_ce0       | out |    1|  ap_memory |      B_0     |     array    |
|B_0_we0       | out |    1|  ap_memory |      B_0     |     array    |
|B_0_d0        | out |   16|  ap_memory |      B_0     |     array    |
|B_0_q0        |  in |   16|  ap_memory |      B_0     |     array    |
|B_1_address0  | out |   12|  ap_memory |      B_1     |     array    |
|B_1_ce0       | out |    1|  ap_memory |      B_1     |     array    |
|B_1_we0       | out |    1|  ap_memory |      B_1     |     array    |
|B_1_d0        | out |   16|  ap_memory |      B_1     |     array    |
|B_1_q0        |  in |   16|  ap_memory |      B_1     |     array    |
|B_2_address0  | out |   12|  ap_memory |      B_2     |     array    |
|B_2_ce0       | out |    1|  ap_memory |      B_2     |     array    |
|B_2_we0       | out |    1|  ap_memory |      B_2     |     array    |
|B_2_d0        | out |   16|  ap_memory |      B_2     |     array    |
|B_2_q0        |  in |   16|  ap_memory |      B_2     |     array    |
|B_3_address0  | out |   12|  ap_memory |      B_3     |     array    |
|B_3_ce0       | out |    1|  ap_memory |      B_3     |     array    |
|B_3_we0       | out |    1|  ap_memory |      B_3     |     array    |
|B_3_d0        | out |   16|  ap_memory |      B_3     |     array    |
|B_3_q0        |  in |   16|  ap_memory |      B_3     |     array    |
|B_4_address0  | out |   12|  ap_memory |      B_4     |     array    |
|B_4_ce0       | out |    1|  ap_memory |      B_4     |     array    |
|B_4_we0       | out |    1|  ap_memory |      B_4     |     array    |
|B_4_d0        | out |   16|  ap_memory |      B_4     |     array    |
|B_4_q0        |  in |   16|  ap_memory |      B_4     |     array    |
|B_5_address0  | out |   12|  ap_memory |      B_5     |     array    |
|B_5_ce0       | out |    1|  ap_memory |      B_5     |     array    |
|B_5_we0       | out |    1|  ap_memory |      B_5     |     array    |
|B_5_d0        | out |   16|  ap_memory |      B_5     |     array    |
|B_5_q0        |  in |   16|  ap_memory |      B_5     |     array    |
|B_6_address0  | out |   12|  ap_memory |      B_6     |     array    |
|B_6_ce0       | out |    1|  ap_memory |      B_6     |     array    |
|B_6_we0       | out |    1|  ap_memory |      B_6     |     array    |
|B_6_d0        | out |   16|  ap_memory |      B_6     |     array    |
|B_6_q0        |  in |   16|  ap_memory |      B_6     |     array    |
|B_7_address0  | out |   12|  ap_memory |      B_7     |     array    |
|B_7_ce0       | out |    1|  ap_memory |      B_7     |     array    |
|B_7_we0       | out |    1|  ap_memory |      B_7     |     array    |
|B_7_d0        | out |   16|  ap_memory |      B_7     |     array    |
|B_7_q0        |  in |   16|  ap_memory |      B_7     |     array    |
+--------------+-----+-----+------------+--------------+--------------+

